<?xml version="1.0" encoding="UTF-8"?>
<!-- Generated by org.testng.reporters.JUnitXMLReporter -->
<testsuite ignored="0" hostname="DESKTOP-JU1FUUC" failures="0" tests="5" name="Default test" time="0.057" errors="0" timestamp="2023-06-24T17:46:19 IST">
  <testcase classname="testcases.LoginTest" name="signin" time="0.004"/>
  <testcase classname="testcases.LoginTest" name="signin" time="0.001"/>
  <testcase classname="testcases.LoginTest" name="signin" time="0.001"/>
  <testcase classname="testcases.LoginTest" name="logintest" time="0.001"/>
  <testcase classname="testcases.LoginTest" name="logintest" time="0.001"/>
</testsuite> <!-- Default test -->
