<?xml version="1.0" encoding="UTF-8"?>
<!-- Generated by org.testng.reporters.JUnitXMLReporter -->
<testsuite ignored="0" hostname="DESKTOP-JU1FUUC" failures="0" tests="3" name="ShopTest" time="0.013" errors="0" timestamp="2023-06-26T18:31:48 IST">
  <testcase classname="testcases.ShopTest" name="qordertest" time="0.0">
    <skipped/>
  </testcase> <!-- qordertest -->
  <testcase classname="testcases.ShopTest" name="paymentTest" time="0.0">
    <skipped/>
  </testcase> <!-- paymentTest -->
  <testcase classname="testcases.ShopTest" name="deliverstatus" time="0.0">
    <skipped/>
  </testcase> <!-- deliverstatus -->
</testsuite> <!-- ShopTest -->
