<?xml version="1.0" encoding="UTF-8"?>
<!-- Generated by org.testng.reporters.JUnitXMLReporter -->
<testsuite ignored="2" hostname="DESKTOP-JU1FUUC" failures="0" tests="10" name="Test" time="0.439" errors="0" timestamp="2023-06-24T18:26:44 IST">
  <testcase classname="testcases.LoginTest" name="signin" time="0.004"/>
  <testcase classname="testcases.LoginTest" name="signin" time="0.001"/>
  <testcase classname="testcases.LoginTest" name="signin" time="0.002"/>
  <testcase classname="testcases.LoginTest" name="logintest" time="0.001"/>
  <testcase classname="testcases.LoginTest" name="logintest" time="0.001"/>
  <testcase classname="testcases.LoginTest" name="logintest" time="0.001"/>
  <testcase classname="testcases.LoginTest" name="logintest" time="0.0"/>
  <testcase classname="testcases.ShopTest" name="qordertest" time="0.002"/>
  <testcase classname="testcases.ShopTest" name="paymentTest" time="0.002"/>
  <testcase classname="testcases.ShopTest" name="deliverstatus" time="0.001"/>
  <testcase classname="core.Page" name="@BeforeTest generateReport" time="0.0">
    <ignored/>
  </testcase> <!-- @BeforeTest generateReport -->
  <testcase classname="core.Page" name="@AfterTest closeReport" time="0.0">
    <ignored/>
  </testcase> <!-- @AfterTest closeReport -->
</testsuite> <!-- Test -->
